[2025-02-27T07:43:18.038+0000] {processor.py:186} INFO - Started process (PID=520) to work on /opt/airflow/dags/hello_world.py
[2025-02-27T07:43:18.040+0000] {processor.py:914} INFO - Processing file /opt/airflow/dags/hello_world.py for tasks to queue
[2025-02-27T07:43:18.047+0000] {logging_mixin.py:190} INFO - [2025-02-27T07:43:18.046+0000] {dagbag.py:587} INFO - Filling up the DagBag from /opt/airflow/dags/hello_world.py
[2025-02-27T07:43:18.121+0000] {processor.py:925} INFO - DAG(s) 'HelloWorld' retrieved from /opt/airflow/dags/hello_world.py
[2025-02-27T07:43:18.314+0000] {logging_mixin.py:190} INFO - [2025-02-27T07:43:18.314+0000] {override.py:1900} INFO - Created Permission View: can read on DAG:HelloWorld
[2025-02-27T07:43:18.332+0000] {logging_mixin.py:190} INFO - [2025-02-27T07:43:18.332+0000] {override.py:1900} INFO - Created Permission View: can edit on DAG:HelloWorld
[2025-02-27T07:43:18.339+0000] {logging_mixin.py:190} INFO - [2025-02-27T07:43:18.338+0000] {override.py:1900} INFO - Created Permission View: can delete on DAG:HelloWorld
[2025-02-27T07:43:18.344+0000] {logging_mixin.py:190} INFO - [2025-02-27T07:43:18.344+0000] {override.py:1900} INFO - Created Permission View: can read on DAG Run:HelloWorld
[2025-02-27T07:43:18.349+0000] {logging_mixin.py:190} INFO - [2025-02-27T07:43:18.349+0000] {override.py:1900} INFO - Created Permission View: can delete on DAG Run:HelloWorld
[2025-02-27T07:43:18.355+0000] {logging_mixin.py:190} INFO - [2025-02-27T07:43:18.354+0000] {override.py:1900} INFO - Created Permission View: menu access on DAG Run:HelloWorld
[2025-02-27T07:43:18.359+0000] {logging_mixin.py:190} INFO - [2025-02-27T07:43:18.359+0000] {override.py:1900} INFO - Created Permission View: can create on DAG Run:HelloWorld
[2025-02-27T07:43:18.360+0000] {logging_mixin.py:190} INFO - [2025-02-27T07:43:18.360+0000] {dag.py:3229} INFO - Sync 1 DAGs
[2025-02-27T07:43:18.734+0000] {logging_mixin.py:190} INFO - [2025-02-27T07:43:18.733+0000] {dag.py:3252} INFO - Creating ORM DAG for HelloWorld
[2025-02-27T07:43:18.750+0000] {logging_mixin.py:190} INFO - [2025-02-27T07:43:18.749+0000] {dag.py:4156} INFO - Setting next_dagrun for HelloWorld to 2025-02-26 02:00:00+00:00, run_after=2025-02-27 02:00:00+00:00
[2025-02-27T07:43:18.781+0000] {processor.py:208} INFO - Processing /opt/airflow/dags/hello_world.py took 0.761 seconds
[2025-02-27T07:43:49.328+0000] {processor.py:186} INFO - Started process (PID=531) to work on /opt/airflow/dags/hello_world.py
[2025-02-27T07:43:49.330+0000] {processor.py:914} INFO - Processing file /opt/airflow/dags/hello_world.py for tasks to queue
[2025-02-27T07:43:49.333+0000] {logging_mixin.py:190} INFO - [2025-02-27T07:43:49.333+0000] {dagbag.py:587} INFO - Filling up the DagBag from /opt/airflow/dags/hello_world.py
[2025-02-27T07:43:49.382+0000] {processor.py:925} INFO - DAG(s) 'HelloWorld' retrieved from /opt/airflow/dags/hello_world.py
[2025-02-27T07:43:49.417+0000] {logging_mixin.py:190} INFO - [2025-02-27T07:43:49.416+0000] {dag.py:3229} INFO - Sync 1 DAGs
[2025-02-27T07:43:49.449+0000] {logging_mixin.py:190} INFO - [2025-02-27T07:43:49.448+0000] {dag.py:4156} INFO - Setting next_dagrun for HelloWorld to 2025-02-26 02:00:00+00:00, run_after=2025-02-27 02:00:00+00:00
[2025-02-27T07:43:49.474+0000] {processor.py:208} INFO - Processing /opt/airflow/dags/hello_world.py took 0.153 seconds
[2025-02-27T07:44:19.861+0000] {processor.py:186} INFO - Started process (PID=542) to work on /opt/airflow/dags/hello_world.py
[2025-02-27T07:44:19.862+0000] {processor.py:914} INFO - Processing file /opt/airflow/dags/hello_world.py for tasks to queue
[2025-02-27T07:44:19.865+0000] {logging_mixin.py:190} INFO - [2025-02-27T07:44:19.865+0000] {dagbag.py:587} INFO - Filling up the DagBag from /opt/airflow/dags/hello_world.py
[2025-02-27T07:44:19.915+0000] {processor.py:925} INFO - DAG(s) 'HelloWorld' retrieved from /opt/airflow/dags/hello_world.py
[2025-02-27T07:44:19.967+0000] {logging_mixin.py:190} INFO - [2025-02-27T07:44:19.967+0000] {dag.py:3229} INFO - Sync 1 DAGs
[2025-02-27T07:44:20.000+0000] {logging_mixin.py:190} INFO - [2025-02-27T07:44:20.000+0000] {dag.py:4156} INFO - Setting next_dagrun for HelloWorld to 2025-02-26 02:00:00+00:00, run_after=2025-02-27 02:00:00+00:00
[2025-02-27T07:44:20.023+0000] {processor.py:208} INFO - Processing /opt/airflow/dags/hello_world.py took 0.180 seconds
[2025-02-27T07:44:50.472+0000] {processor.py:186} INFO - Started process (PID=553) to work on /opt/airflow/dags/hello_world.py
[2025-02-27T07:44:50.473+0000] {processor.py:914} INFO - Processing file /opt/airflow/dags/hello_world.py for tasks to queue
[2025-02-27T07:44:50.475+0000] {logging_mixin.py:190} INFO - [2025-02-27T07:44:50.475+0000] {dagbag.py:587} INFO - Filling up the DagBag from /opt/airflow/dags/hello_world.py
[2025-02-27T07:44:50.524+0000] {processor.py:925} INFO - DAG(s) 'HelloWorld' retrieved from /opt/airflow/dags/hello_world.py
[2025-02-27T07:44:50.559+0000] {logging_mixin.py:190} INFO - [2025-02-27T07:44:50.559+0000] {dag.py:3229} INFO - Sync 1 DAGs
[2025-02-27T07:44:50.585+0000] {logging_mixin.py:190} INFO - [2025-02-27T07:44:50.584+0000] {dag.py:4156} INFO - Setting next_dagrun for HelloWorld to 2025-02-26 02:00:00+00:00, run_after=2025-02-27 02:00:00+00:00
[2025-02-27T07:44:50.615+0000] {processor.py:208} INFO - Processing /opt/airflow/dags/hello_world.py took 0.148 seconds
[2025-02-27T07:45:21.056+0000] {processor.py:186} INFO - Started process (PID=564) to work on /opt/airflow/dags/hello_world.py
[2025-02-27T07:45:21.057+0000] {processor.py:914} INFO - Processing file /opt/airflow/dags/hello_world.py for tasks to queue
[2025-02-27T07:45:21.059+0000] {logging_mixin.py:190} INFO - [2025-02-27T07:45:21.059+0000] {dagbag.py:587} INFO - Filling up the DagBag from /opt/airflow/dags/hello_world.py
[2025-02-27T07:45:21.086+0000] {processor.py:925} INFO - DAG(s) 'HelloWorld' retrieved from /opt/airflow/dags/hello_world.py
[2025-02-27T07:45:21.112+0000] {logging_mixin.py:190} INFO - [2025-02-27T07:45:21.112+0000] {dag.py:3229} INFO - Sync 1 DAGs
[2025-02-27T07:45:21.135+0000] {logging_mixin.py:190} INFO - [2025-02-27T07:45:21.135+0000] {dag.py:4156} INFO - Setting next_dagrun for HelloWorld to 2025-02-26 02:00:00+00:00, run_after=2025-02-27 02:00:00+00:00
[2025-02-27T07:45:21.154+0000] {processor.py:208} INFO - Processing /opt/airflow/dags/hello_world.py took 0.104 seconds
