[2025-02-27T07:20:02.522+0000] {manager.py:486} INFO - Processing files using up to 2 processes at a time 
[2025-02-27T07:20:02.523+0000] {manager.py:487} INFO - Process each file at most once every 30 seconds
[2025-02-27T07:20:02.523+0000] {manager.py:488} INFO - Checking for new files in /opt/airflow/dags every 300 seconds
[2025-02-27T07:20:02.524+0000] {manager.py:832} INFO - Searching for files in /opt/airflow/dags
[2025-02-27T07:20:02.529+0000] {manager.py:835} INFO - There are 0 files in /opt/airflow/dags
[2025-02-27T07:23:15.407+0000] {manager.py:486} INFO - Processing files using up to 2 processes at a time 
[2025-02-27T07:23:15.408+0000] {manager.py:487} INFO - Process each file at most once every 30 seconds
[2025-02-27T07:23:15.409+0000] {manager.py:488} INFO - Checking for new files in /opt/airflow/dags every 300 seconds
[2025-02-27T07:23:15.409+0000] {manager.py:832} INFO - Searching for files in /opt/airflow/dags
[2025-02-27T07:23:15.413+0000] {manager.py:835} INFO - There are 0 files in /opt/airflow/dags
[2025-02-27T07:28:16.209+0000] {manager.py:832} INFO - Searching for files in /opt/airflow/dags
[2025-02-27T07:28:16.218+0000] {manager.py:835} INFO - There are 0 files in /opt/airflow/dags
[2025-02-27T07:33:17.018+0000] {manager.py:832} INFO - Searching for files in /opt/airflow/dags
[2025-02-27T07:33:17.088+0000] {manager.py:835} INFO - There are 0 files in /opt/airflow/dags
[2025-02-27T07:38:17.105+0000] {manager.py:832} INFO - Searching for files in /opt/airflow/dags
[2025-02-27T07:38:17.115+0000] {manager.py:835} INFO - There are 0 files in /opt/airflow/dags
[2025-02-27T07:43:17.735+0000] {manager.py:832} INFO - Searching for files in /opt/airflow/dags
[2025-02-27T07:43:17.784+0000] {manager.py:835} INFO - There are 1 files in /opt/airflow/dags
[2025-02-27T07:43:26.945+0000] {manager.py:1008} INFO - 
================================================================================
DAG File Processing Stats

File Path                         PID    Runtime      # DAGs    # Errors  Last Runtime    Last Run               Last # of DB Queries
--------------------------------  -----  ---------  --------  ----------  --------------  -------------------  ----------------------
/opt/airflow/dags/hello_world.py                           1           0  0.85s           2025-02-27T07:43:18                      45
================================================================================
[2025-02-27T07:43:57.473+0000] {manager.py:1008} INFO - 
================================================================================
DAG File Processing Stats

File Path                         PID    Runtime      # DAGs    # Errors  Last Runtime    Last Run               Last # of DB Queries
--------------------------------  -----  ---------  --------  ----------  --------------  -------------------  ----------------------
/opt/airflow/dags/hello_world.py                           1           0  0.22s           2025-02-27T07:43:49                      12
================================================================================
[2025-02-27T07:44:28.017+0000] {manager.py:1008} INFO - 
================================================================================
DAG File Processing Stats

File Path                         PID    Runtime      # DAGs    # Errors  Last Runtime    Last Run               Last # of DB Queries
--------------------------------  -----  ---------  --------  ----------  --------------  -------------------  ----------------------
/opt/airflow/dags/hello_world.py                           1           0  0.22s           2025-02-27T07:44:20                      12
================================================================================
[2025-02-27T07:44:58.591+0000] {manager.py:1008} INFO - 
================================================================================
DAG File Processing Stats

File Path                         PID    Runtime      # DAGs    # Errors  Last Runtime    Last Run               Last # of DB Queries
--------------------------------  -----  ---------  --------  ----------  --------------  -------------------  ----------------------
/opt/airflow/dags/hello_world.py                           1           0  0.21s           2025-02-27T07:44:50                      12
================================================================================
